make all --print-data-base --no-builtin-variables --no-builtin-rules --question
# GNU Make 4.3
# Built for x86_64-pc-linux-gnu
# Copyright (C) 1988-2020 Free Software Foundation, Inc.
# License GPLv3+: GNU GPL version 3 or later <http://gnu.org/licenses/gpl.html>
# This is free software: you are free to change and redistribute it.
# There is NO WARRANTY, to the extent permitted by law.

# Make data base, printed on Fri Jun 17 05:01:29 2022

# Variables

# environment
JAVA_HOME = /usr/lib/jvm/java-17-oracle
# environment
GDK_BACKEND = x11
# environment
LC_ALL = C
# environment
NO_AT_BRIDGE = 1
# environment
GNOME_SHELL_SESSION_MODE = ubuntu
# environment
SSH_AGENT_LAUNCHER = gnome-keyring
# environment
SNAP_INSTANCE_KEY = 
# environment
HOMEBREW_PREFIX = /home/linuxbrew/.linuxbrew
# environment
GJS_DEBUG_OUTPUT = stderr
# environment
VSCODE_IPC_HOOK_EXTHOST = /run/user/1000/vscode-ipc-02741066-6c70-43b5-bb98-66d98e041dca.sock
# environment
LC_NAME = nl_NL.UTF-8
# environment
LC_NUMERIC = nl_NL.UTF-8
# environment
VSCODE_CWD = /home/ruben
# environment
NVM_DIR = /home/ruben/.nvm
# environment
LC_ADDRESS = nl_NL.UTF-8
# environment
LIBVIRT_DEFAULT_URI = qemu:///system
# default
MAKE_COMMAND := make
# environment
QT_ACCESSIBILITY = 1
# environment
GOPATH = /home/ruben/code-local/go
# automatic
@D = $(patsubst %/,%,$(dir $@))
# environment
SNAP_INSTANCE_NAME = code
# environment
GDK_PIXBUF_MODULEDIR = /snap/code/98/usr/lib/x86_64-linux-gnu/gdk-pixbuf-2.0/2.10.0/loaders
# environment
VSCODE_HANDLES_UNCAUGHT_ERRORS = true
# default
.VARIABLES := 
# environment
PWD = /home/ruben/code-local/k8s/training-helm-charts
# automatic
%D = $(patsubst %/,%,$(dir $%))
# environment
XDG_DATA_DIRS = /usr/share/ubuntu:/usr/local/share/:/usr/share/:/var/lib/snapd/desktop
# automatic
^D = $(patsubst %/,%,$(dir $^))
# environment
VSCODE_LOG_STACK = false
# automatic
%F = $(notdir $%)
# environment
NVM_INC = /home/ruben/.nvm/versions/node/v13.6.0/include/node
# environment
VSCODE_CODE_CACHE_PATH = /home/ruben/.config/Code/CachedData/4af164ea3a06f701fe3e89a2bcbb421d2026b68f
# environment
LANG = C
# environment
XAUTHORITY = /run/user/1000/.mutter-Xwaylandauth.BDCZN1
# default
.LOADED := 
# environment
HOMEBREW_REPOSITORY = /home/linuxbrew/.linuxbrew/Homebrew
# default
.INCLUDE_DIRS = /usr/local/include /usr/include /usr/include
# makefile
MAKEFLAGS = pqrR
# environment
PKG_CONFIG_PATH = /home/linuxbrew/.linuxbrew/opt/isl@0.18/lib/pkgconfig
# makefile
CURDIR := /home/ruben/code-local/k8s/training-helm-charts
# environment
VSCODE_PIPE_LOGGING = true
# environment
J2REDIR = /usr/lib/jvm/java-17-oracle
# environment
APPLICATION_INSIGHTS_NO_DIAGNOSTIC_CHANNEL = 1
# environment
LESSOPEN = | /usr/bin/lesspipe %s
# automatic
*D = $(patsubst %/,%,$(dir $*))
# environment
WALLABY_PRODUCTION = true
# environment
MFLAGS = -pqrR
# environment
SSH_AUTH_SOCK = /run/user/1000/keyring/ssh
# default
.SHELLFLAGS := -c
# environment
NVM_BIN = /home/ruben/.nvm/versions/node/v13.6.0/bin
# environment
WAYLAND_DISPLAY = wayland-0
# environment
XDG_CONFIG_DIRS = /etc/xdg/xdg-ubuntu:/etc/xdg
# automatic
+D = $(patsubst %/,%,$(dir $+))
# environment
XDG_SESSION_DESKTOP = ubuntu
# makefile (from 'Makefile', line 1)
MAKEFILE_LIST := Makefile
# environment
SNAP_REEXEC = 
# automatic
@F = $(notdir $@)
# environment
VSCODE_VERBOSE_LOGGING = true
# environment
VSCODE_PID = 826631
# environment
XDG_SESSION_TYPE = wayland
# automatic
?D = $(patsubst %/,%,$(dir $?))
# environment
BAMF_DESKTOP_FILE_HINT = /var/lib/snapd/desktop/applications/code_code.desktop
# environment
SESSION_MANAGER = local/AT-Shuttle2018-v2:@/tmp/.ICE-unix/2046,unix/AT-Shuttle2018-v2:/tmp/.ICE-unix/2046
# automatic
*F = $(notdir $*)
# environment
MANPATH = /home/linuxbrew/.linuxbrew/share/man:
# environment
CHROME_DESKTOP = code-url-handler.desktop
# environment
DBUS_SESSION_BUS_ADDRESS = unix:path=/run/user/1000/bus
# automatic
<D = $(patsubst %/,%,$(dir $<))
# environment
VSCODE_NLS_CONFIG = {"locale":"en-us","availableLanguages":{},"_languagePackSupport":true}
# default
MAKE_HOST := x86_64-pc-linux-gnu
# environment
GNOME_DESKTOP_SESSION_ID = this-is-deprecated
# environment
INFOPATH = /home/linuxbrew/.linuxbrew/share/info:
# makefile
SHELL = /bin/sh
# default
MAKECMDGOALS := all
# environment
XMODIFIERS = @im=ibus
# environment
GJS_DEBUG_TOPICS = JS ERROR;JS LOG
# environment
SHLVL = 0
# environment
MAKELEVEL := 0
# environment
IM_CONFIG_CHECK_ENV = 1
# default
MAKE = $(MAKE_COMMAND)
# environment
SNAP_COOKIE = lpgqXz2-heygBcvXHUW6S5khgGY7abZXaT2zEAj0kziImlkBUtv9
# environment
PATH = /home/linuxbrew/.linuxbrew/bin:/home/linuxbrew/.linuxbrew/sbin:/home/ruben/.cargo/bin:/home/ruben/code-local/go/bin:/usr/local/go/bin:/home/ruben/.global-modules/bin:/home/ruben/.local/bin:/opt/jdk-17/bin:/usr/local/sbin:/usr/local/bin:/usr/sbin:/usr/bin:/sbin:/bin:/usr/games:/usr/local/games:/snap/bin:/snap/bin:/home/ruben/.dotnet/tools:/usr/lib/jvm/java-17-oracle/bin:/usr/lib/jvm/java-17-oracle/db/bin:/usr/local/kind/bin
# default
MAKEFILES := 
# environment
LC_MONETARY = nl_NL.UTF-8
# automatic
^F = $(notdir $^)
# environment
SNAP_USER_COMMON = /home/ruben/snap/code/common
# environment
LC_TIME = nl_NL.UTF-8
# environment
HOMEBREW_SHELLENV_PREFIX = /home/linuxbrew/.linuxbrew
# environment
KUBE_EDITOR = nano
# environment
SNAP = /snap/code/98
# environment
GOROOT = /usr/local/go
# environment
INVOCATION_ID = 4aa137ed405f45e9af9c06cf8ad931b7
# environment
SNAP_REVISION = 98
# environment
SNAP_REAL_HOME = /home/ruben
# environment
VSCODE_LOG_NATIVE = false
# environment
USERNAME = ruben
# environment
GNOME_SETUP_DISPLAY = :1
# environment
LC_TELEPHONE = nl_NL.UTF-8
# environment
LESSCLOSE = /usr/bin/lesspipe %s %s
# automatic
?F = $(notdir $?)
# environment
SOPS_PGP_FP = 4AC028244AB2D90886CD97370F2B1E6F088A63B7
# environment
XDG_CURRENT_DESKTOP = Unity
# environment
LS_COLORS = 
# automatic
+F = $(notdir $+)
# environment
DESKTOP_SESSION = ubuntu
# environment
ORIGINAL_XDG_CURRENT_DESKTOP = ubuntu:GNOME
# 'override' directive
GNUMAKEFLAGS := 
# environment
LOGNAME = ruben
# environment
CPPFLAGS = -I/home/linuxbrew/.linuxbrew/opt/isl@0.18/include
# environment
GIO_LAUNCHED_DESKTOP_FILE = /var/lib/snapd/desktop/applications/code_code.desktop
# environment
SNAP_ARCH = amd64
# makefile
.DEFAULT_GOAL := all
# environment
SYSTEMD_EXEC_PID = 2093
# environment
DISPLAY = :0
# environment
USER = ruben
# environment
GTK_MODULES = gail:atk-bridge:appmenu-gtk-module
# default
MAKE_VERSION := 4.3
# environment
DISABLE_WAYLAND = 1
# environment
SNAP_DATA = /var/snap/code/98
# environment
SNAP_CONTEXT = lpgqXz2-heygBcvXHUW6S5khgGY7abZXaT2zEAj0kziImlkBUtv9
# environment
LDFLAGS = -L/home/linuxbrew/.linuxbrew/opt/isl@0.18/lib
# environment
MANAGERPID = 1790
# environment
HOMEBREW_CELLAR = /home/linuxbrew/.linuxbrew/Cellar
# environment
LC_MEASUREMENT = nl_NL.UTF-8
# environment
GIO_LAUNCHED_DESKTOP_FILE_PID = 1034953
# environment
_ = /snap/code/98/usr/share/code/code
# environment
LC_PAPER = nl_NL.UTF-8
# environment
XDG_RUNTIME_DIR = /run/user/1000
# environment
GDK_PIXBUF_MODULE_FILE = /home/ruben/snap/code/common/.cache/gdk-pixbuf-loaders.cache
# environment
NVM_CD_FLAGS = 
# environment
JOURNAL_STREAM = 8:41919
# environment
XDG_SESSION_CLASS = user
# environment
VSCODE_AMD_ENTRYPOINT = vs/workbench/api/node/extensionHostProcess
# environment
 
HOME = /home/ruben
# environment
QT_IM_MODULE = ibus
# environment
J2SDKDIR = /usr/lib/jvm/java-17-oracle
# environment
ELECTRON_RUN_AS_NODE = 1
# environment
VSCODE_IPC_HOOK = /run/user/1000/vscode-78995a42-1.68.0-main.sock
# environment
SNAP_NAME = code
# environment
GSETTINGS_SCHEMA_DIR = /snap/code/98/usr/share/glib-2.0/schemas
# environment
IM_CONFIG_PHASE = 1
# default
.RECIPEPREFIX := 
# automatic
<F = $(notdir $<)
# environment
SNAP_VERSION = 4af164ea
# default
SUFFIXES := 
# environment
VSCODE_CLI = 1
# environment
ELECTRON_NO_ATTACH_CONSOLE = 1
# environment
SNAP_COMMON = /var/snap/code/common
# default
.FEATURES := target-specific order-only second-expansion else-if shortest-stem undefine oneshell nocomment grouped-target extra-prereqs archives jobserver output-sync check-symlink load
# environment
SNAP_USER_DATA = /home/ruben/snap/code/98
# environment
XDG_MENU_PREFIX = gnome-
# environment
DERBY_HOME = /usr/lib/jvm/java-17-oracle/db
# environment
GDMSESSION = ubuntu
# environment
LC_IDENTIFICATION = nl_NL.UTF-8
# environment
SNAP_LIBRARY_PATH = /var/lib/snapd/lib/gl:/var/lib/snapd/lib/gl32:/var/lib/snapd/void
# variable set hash-table stats:
# Load=155/1024=15%, Rehash=0, Collisions=12/188=6%

# Pattern-specific Variable Values

# No pattern-specific variable values.

# Directories

# . (device 64769, inode 30543539): 7 files, no impossibilities.

# 7 files, no impossibilities in 1 directories.

# Implicit Rules

# No implicit rules.

# Files

ul:
#  Phony target (prerequisite of .PHONY).
#  Implicit rule search has not been done.
#  File does not exist.
#  File has not been updated.
#  recipe to execute (from 'Makefile', line 6):
	helm package ./src/ul -d charts/
	cd charts && helm repo index .

wdp:
#  Phony target (prerequisite of .PHONY).
#  Implicit rule search has not been done.
#  File does not exist.
#  File has not been updated.
#  recipe to execute (from 'Makefile', line 66):
	helm package ./src/wordpress-dump-pod -d charts/
	cd charts && helm repo index .

wi:
#  Phony target (prerequisite of .PHONY).
#  Implicit rule search has not been done.
#  File does not exist.
#  File has not been updated.
#  recipe to execute (from 'Makefile', line 51):
	helm package ./src/wordpress-import -d charts/
	cd charts && helm repo index .

# Not a target:
Makefile:
#  Implicit rule search has been done.
#  Last modified 2022-06-17 04:56:34.965520045
#  File has been updated.
#  Successfully updated.

client-ip:
#  Phony target (prerequisite of .PHONY).
#  Implicit rule search has not been done.
#  File does not exist.
#  File has not been updated.
#  recipe to execute (from 'Makefile', line 36):
	helm package ./src/client-ip -d charts/
	cd charts && helm repo index .

sso-app-backend:
#  Phony target (prerequisite of .PHONY).
#  Implicit rule search has not been done.
#  File does not exist.
#  File has not been updated.
#  recipe to execute (from 'Makefile', line 31):
	helm package ./src/sso-app-backend -d charts/
	cd charts && helm repo index .

ul-frontend:
#  Phony target (prerequisite of .PHONY).
#  Implicit rule search has not been done.
#  File does not exist.
#  File has not been updated.
#  recipe to execute (from 'Makefile', line 11):
	helm package ./src/ul-frontend -d charts/
	cd charts && helm repo index .

key:
#  Phony target (prerequisite of .PHONY).
#  Implicit rule search has not been done.
#  File does not exist.
#  File has not been updated.
#  recipe to execute (from 'Makefile', line 76):
	helm package ./src/keycloak -d charts/
	cd charts && helm repo index .

quote-svc:
#  Phony target (prerequisite of .PHONY).
#  Implicit rule search has not been done.
#  File does not exist.
#  File has not been updated.
#  recipe to execute (from 'Makefile', line 46):
	helm package ./src/quote-svc -d charts/
	cd charts && helm repo index .

sso-app-frontend:
#  Phony target (prerequisite of .PHONY).
#  Implicit rule search has not been done.
#  Implicit/static pattern stem: ''
#  File does not exist.
#  File has been updated.
#  Needs to be updated (-q is set).
# automatic
# @ := sso-app-frontend
# automatic
# * := 
# automatic
# < := 
# automatic
# + := 
# automatic
# % := 
# automatic
# ^ := 
# automatic
# ? := 
# automatic
# | := 
# variable set hash-table stats:
# Load=8/32=25%, Rehash=0, Collisions=1/11=9%
#  recipe to execute (from 'Makefile', line 26):
	helm package ./src/sso-app-frontend -d charts/
	cd charts && helm repo index .

wip:
#  Phony target (prerequisite of .PHONY).
#  Implicit rule search has not been done.
#  File does not exist.
#  File has not been updated.
#  recipe to execute (from 'Makefile', line 71):
	helm package ./src/wordpress-import-pod -d charts/
	cd charts && helm repo index .

# Not a target:
.DEFAULT:
#  Implicit rule search has not been done.
#  Modification time never checked.
#  File has not been updated.

all: sso-app-frontend sso-app-backend client-ip hello-svc quote-svc wi wd wdj wdp wip key voting-front hello-world-configmap ul ul-frontend
#  Phony target (prerequisite of .PHONY).
#  Command line target.
#  Implicit rule search has not been done.
#  File does not exist.
#  File has been updated.
#  Needs to be updated (-q is set).
# variable set hash-table stats:
# Load=0/32=0%, Rehash=0, Collisions=0/3=0%

hello-world-configmap:
#  Phony target (prerequisite of .PHONY).
#  Implicit rule search has not been done.
#  File does not exist.
#  File has not been updated.
#  recipe to execute (from 'Makefile', line 16):
	helm package ./src/hello-world-configmap -d charts/
	cd charts && helm repo index .

voting-front:
#  Phony target (prerequisite of .PHONY).
#  Implicit rule search has not been done.
#  File does not exist.
#  File has not been updated.
#  recipe to execute (from 'Makefile', line 21):
	helm package ./src/voting-front -d charts/
	cd charts && helm repo index .

wdj:
#  Phony target (prerequisite of .PHONY).
#  Implicit rule search has not been done.
#  File does not exist.
#  File has not been updated.
#  recipe to execute (from 'Makefile', line 61):
	helm package ./src/wordpress-dump-job -d charts/
	cd charts && helm repo index .

hello-svc:
#  Phony target (prerequisite of .PHONY).
#  Implicit rule search has not been done.
#  File does not exist.
#  File has not been updated.
#  recipe to execute (from 'Makefile', line 41):
	helm package ./src/hello-svc -d charts/
	cd charts && helm repo index .

wd:
#  Phony target (prerequisite of .PHONY).
#  Implicit rule search has not been done.
#  File does not exist.
#  File has not been updated.
#  recipe to execute (from 'Makefile', line 56):
	helm package ./src/wordpress-dump -d charts/
	cd charts && helm repo index .

# Not a target:
.SUFFIXES:
#  Implicit rule search has not been done.
#  Modification time never checked.
#  File has not been updated.

.PHONY: all ul ul-frontend hello-world-configmap voting-front sso-app-frontend sso-app-backend client-ip hello-svc quote-svc wi wd wdj wdp wip key
#  Implicit rule search has not been done.
#  Modification time never checked.
#  File has not been updated.

# files hash-table stats:
# Load=20/1024=2%, Rehash=0, Collisions=4/93=4%
# VPATH Search Paths

# No 'vpath' search paths.

# No general ('VPATH' variable) search path.

# strcache buffers: 1 (0) / strings = 28 / storage = 235 B / avg = 8 B
# current buf: size = 8162 B / used = 235 B / count = 28 / avg = 8 B

# strcache performance: lookups = 112 / hit rate = 75%
# hash-table stats:
# Load=28/8192=0%, Rehash=0, Collisions=0/112=0%
# Finished Make data base on Fri Jun 17 05:01:29 2022

 
